#
# A fatal error has been detected by the Java Runtime Environment:
#
#  EXCEPTION_ACCESS_VIOLATION (0xc0000005) at pc=0x0000000071564d37, pid=20096, tid=0x0000000000004f60
#
# JRE version: Java(TM) SE Runtime Environment (8.0_191-b12) (build 1.8.0_191-b12)
# Java VM: Java HotSpot(TM) 64-Bit Server VM (25.191-b12 mixed mode windows-amd64 compressed oops)
# Problematic frame:
# V  [jvm.dll+0x214d37]
#
# Failed to write core dump. Minidumps are not enabled by default on client versions of Windows
#
# If you would like to submit a bug report, please visit:
#   http://bugreport.java.com/bugreport/crash.jsp
#

---------------  T H R E A D  ---------------

Current thread (0x0000000019388000):  JavaThread "RMI TCP Connection(4)-127.0.0.1" daemon [_thread_in_vm, id=20320, stack(0x000000001bd80000,0x000000001be80000)]

siginfo: ExceptionCode=0xc0000005, writing address 0x000000001be76d10

Registers:
RAX=0x000000001be76d10, RBX=0x0000000000000007, RCX=0x0000000000006000, RDX=0x000000000000000f
RSP=0x000000001be7cd10, RBP=0x0000000000000000, RSI=0x000000001be7cd10, RDI=0x0000000000000007
R8 =0x000000000000000f, R9 =0x000000001952c8b0, R10=0x00000000148d09a8, R11=0x000000001bd8a148
R12=0x000000001952c8b0, R13=0x0000000019388000, R14=0x000000001be7cdd8, R15=0x00000000148d09a8
RIP=0x0000000071564d37, EFLAGS=0x0000000000010202

Top of Stack: (sp=0x000000001be7cd10)
0x000000001be7cd10:   000000001be7ce20 000000001941aab8
0x000000001be7cd20:   0000000019388000 000000001952c8b0
0x000000001be7cd30:   00000000ffffffff 0000000071565c67
0x000000001be7cd40:   000000001be7ce40 00000000148d09a8
0x000000001be7cd50:   0000000019388000 0000000019388000
0x000000001be7cd60:   0000000000000009 0000000100025a68
0x000000001be7cd70:   000000001437aa00 0000000019388000
0x000000001be7cd80:   00000000148d09a8 0000000019388000
0x000000001be7cd90:   00000000025f3be0 000000001437aa00
0x000000001be7cda0:   0000000019388000 000000001952c8b0
0x000000001be7cdb0:   000000001be7cef8 0000000000000009
0x000000001be7cdc0:   000000001be7d650 00000000148d09a8
0x000000001be7cdd0:   0000000019388000 000000001941aac8
0x000000001be7cde0:   0000000019388000 00000000714021c7
0x000000001be7cdf0:   000000001be7cf98 0000000000000004
0x000000001be7ce00:   000000001437aa00 000000007155f6d2 

Instructions: (pc=0x0000000071564d37)
0x0000000071564d17:   48 89 6c 24 30 33 ed 66 90 e8 1b 4e 08 00 ff c3
0x0000000071564d27:   48 63 c8 48 8b c6 48 0f af cf 48 ff c7 48 2b c1
0x0000000071564d37:   89 28 48 63 c3 48 3b 05 65 8b 59 00 7e db 48 8b
0x0000000071564d47:   6c 24 30 48 8b 5c 24 38 48 8b 74 24 40 48 83 c4 


Register to memory mapping:

RAX=0x000000001be76d10 is pointing into the stack for thread: 0x0000000019388000
RBX=0x0000000000000007 is an unknown value
RCX=0x0000000000006000 is an unknown value
RDX=0x000000000000000f is an unknown value
RSP=0x000000001be7cd10 is pointing into the stack for thread: 0x0000000019388000
RBP=0x0000000000000000 is an unknown value
RSI=0x000000001be7cd10 is pointing into the stack for thread: 0x0000000019388000
RDI=0x0000000000000007 is an unknown value
R8 =0x000000000000000f is an unknown value
R9 =0x000000001952c8b0 is an unknown value
R10={method} {0x00000000148d09b0} 'run' '()Ljava/lang/Object;' in 'sun/rmi/server/UnicastServerRef$1'
R11=0x000000001bd8a148 is pointing into the stack for thread: 0x0000000019388000
R12=0x000000001952c8b0 is an unknown value
R13=0x0000000019388000 is a thread
R14=0x000000001be7cdd8 is pointing into the stack for thread: 0x0000000019388000
R15={method} {0x00000000148d09b0} 'run' '()Ljava/lang/Object;' in 'sun/rmi/server/UnicastServerRef$1'


Stack: [0x000000001bd80000,0x000000001be80000],  sp=0x000000001be7cd10,  free space=1011k
Native frames: (J=compiled Java code, j=interpreted, Vv=VM code, C=native code)

Java frames: (J=compiled Java code, j=interpreted, Vv=VM code)
J 507  java.security.AccessController.doPrivileged(Ljava/security/PrivilegedAction;)Ljava/lang/Object; (0 bytes) @ 0x000000000279b292 [0x000000000279b240+0x52]
j  sun.rmi.server.UnicastServerRef.unmarshalCustomCallData(Ljava/io/ObjectInput;)V+28
j  sun.rmi.server.UnicastServerRef.oldDispatch(Ljava/rmi/Remote;Ljava/rmi/server/RemoteCall;I)V+88
j  sun.rmi.server.UnicastServerRef.dispatch(Ljava/rmi/Remote;Ljava/rmi/server/RemoteCall;)V+48
j  sun.rmi.transport.Transport$1.run()Ljava/lang/Void;+23
j  sun.rmi.transport.Transport$1.run()Ljava/lang/Object;+1
v  ~StubRoutines::call_stub
J 591  java.security.AccessController.doPrivileged(Ljava/security/PrivilegedExceptionAction;Ljava/security/AccessControlContext;)Ljava/lang/Object; (0 bytes) @ 0x00000000027ba266 [0x00000000027ba200+0x66]
j  sun.rmi.transport.Transport.serviceCall(Ljava/rmi/server/RemoteCall;)Z+157
j  sun.rmi.transport.tcp.TCPTransport.handleMessages(Lsun/rmi/transport/Connection;Z)V+185
j  sun.rmi.transport.tcp.TCPTransport$ConnectionHandler.run0()V+696
j  sun.rmi.transport.tcp.TCPTransport$ConnectionHandler.lambda$run$0()Ljava/lang/Void;+1
j  sun.rmi.transport.tcp.TCPTransport$ConnectionHandler$$Lambda$5.run()Ljava/lang/Object;+4
v  ~StubRoutines::call_stub
J 1699  java.security.AccessController.doPrivileged(Ljava/security/PrivilegedAction;Ljava/security/AccessControlContext;)Ljava/lang/Object; (0 bytes) @ 0x0000000002978a26 [0x00000000029789c0+0x66]
j  sun.rmi.transport.tcp.TCPTransport$ConnectionHandler.run()V+58
j  java.util.concurrent.ThreadPoolExecutor.runWorker(Ljava/util/concurrent/ThreadPoolExecutor$Worker;)V+95
j  java.util.concurrent.ThreadPoolExecutor$Worker.run()V+5
j  java.lang.Thread.run()V+11
v  ~StubRoutines::call_stub

---------------  P R O C E S S  ---------------

Java Threads: ( => current thread )
=>0x0000000019388000 JavaThread "RMI TCP Connection(4)-127.0.0.1" daemon [_thread_in_vm, id=20320, stack(0x000000001bd80000,0x000000001be80000)]
  0x000000001938c000 JavaThread "DestroyJavaVM" [_thread_blocked, id=18316, stack(0x0000000000b60000,0x0000000000c60000)]
  0x000000001938b000 JavaThread "http-nio-8080-exec-4" daemon [_thread_blocked, id=20516, stack(0x000000001ba80000,0x000000001bb80000)]
  0x0000000018d4f800 JavaThread "http-nio-8080-exec-3" daemon [_thread_blocked, id=20068, stack(0x000000001b980000,0x000000001ba80000)]
  0x0000000018d4e000 JavaThread "http-nio-8080-exec-2" daemon [_thread_blocked, id=20840, stack(0x000000001b880000,0x000000001b980000)]
  0x0000000018d4f000 JavaThread "http-nio-8080-exec-1" daemon [_thread_blocked, id=19700, stack(0x0000000000a60000,0x0000000000b60000)]
  0x0000000018cba800 JavaThread "mysql-cj-abandoned-connection-cleanup" daemon [_thread_blocked, id=17792, stack(0x000000001a580000,0x000000001a680000)]
  0x0000000018ca3800 JavaThread "container-0" [_thread_blocked, id=2144, stack(0x000000001a480000,0x000000001a580000)]
  0x000000001909b000 JavaThread "Catalina-utility-2" [_thread_blocked, id=19068, stack(0x000000001a380000,0x000000001a480000)]
  0x0000000018d4d000 JavaThread "Catalina-utility-1" [_thread_blocked, id=18728, stack(0x00000000184b0000,0x00000000185b0000)]
  0x0000000016f9c800 JavaThread "JMX server connection timeout 17" daemon [_thread_blocked, id=18608, stack(0x0000000017c70000,0x0000000017d70000)]
  0x0000000016faa000 JavaThread "RMI TCP Connection(2)-127.0.0.1" daemon [_thread_in_native, id=20924, stack(0x0000000017b70000,0x0000000017c70000)]
  0x0000000016f88800 JavaThread "RMI Scheduler(0)" daemon [_thread_blocked, id=13668, stack(0x0000000017970000,0x0000000017a70000)]
  0x0000000016f7b800 JavaThread "RMI TCP Accept-0" daemon [_thread_in_native, id=18468, stack(0x0000000017870000,0x0000000017970000)]
  0x0000000016f7a000 JavaThread "RMI TCP Connection(3)-127.0.0.1" daemon [_thread_blocked, id=21196, stack(0x0000000017770000,0x0000000017870000)]
  0x0000000016f77800 JavaThread "RMI TCP Accept-54455" daemon [_thread_in_native, id=19976, stack(0x0000000017670000,0x0000000017770000)]
  0x0000000016f6c800 JavaThread "RMI TCP Accept-0" daemon [_thread_in_native, id=5204, stack(0x0000000017570000,0x0000000017670000)]
  0x0000000014c3d800 JavaThread "Service Thread" daemon [_thread_blocked, id=7324, stack(0x0000000016930000,0x0000000016a30000)]
  0x0000000014c02800 JavaThread "C1 CompilerThread2" daemon [_thread_blocked, id=17352, stack(0x0000000016430000,0x0000000016530000)]
  0x0000000014bf8800 JavaThread "C2 CompilerThread1" daemon [_thread_blocked, id=17572, stack(0x0000000016330000,0x0000000016430000)]
  0x0000000014bed000 JavaThread "C2 CompilerThread0" daemon [_thread_blocked, id=15148, stack(0x0000000016230000,0x0000000016330000)]
  0x0000000014beb800 JavaThread "Attach Listener" daemon [_thread_blocked, id=20404, stack(0x0000000016130000,0x0000000016230000)]
  0x0000000014bea000 JavaThread "Signal Dispatcher" daemon [_thread_blocked, id=4728, stack(0x0000000016030000,0x0000000016130000)]
  0x0000000014bcb800 JavaThread "Finalizer" daemon [_thread_blocked, id=21340, stack(0x0000000015e30000,0x0000000015f30000)]
  0x0000000002536800 JavaThread "Reference Handler" daemon [_thread_blocked, id=17596, stack(0x0000000015d30000,0x0000000015e30000)]

Other Threads:
  0x0000000014ba7800 VMThread [stack: 0x0000000015c30000,0x0000000015d30000] [id=11284]
  0x0000000016f8c800 WatcherThread [stack: 0x0000000017a70000,0x0000000017b70000] [id=21352]

VM state:synchronizing (normal execution)

VM Mutex/Monitor currently owned by a thread:  ([mutex/lock_event])
[0x00000000024428d0] Threads_lock - owner thread: 0x0000000014ba7800

Heap:
 PSYoungGen      total 90112K, used 8532K [0x00000000eb200000, 0x00000000f1280000, 0x0000000100000000)
  eden space 81408K, 10% used [0x00000000eb200000,0x00000000eba55020,0x00000000f0180000)
  from space 8704K, 0% used [0x00000000f0180000,0x00000000f0180000,0x00000000f0a00000)
  to   space 5632K, 0% used [0x00000000f0d00000,0x00000000f0d00000,0x00000000f1280000)
 ParOldGen       total 32768K, used 12801K [0x00000000c1600000, 0x00000000c3600000, 0x00000000eb200000)
  object space 32768K, 39% used [0x00000000c1600000,0x00000000c2280798,0x00000000c3600000)
 Metaspace       used 46724K, capacity 49347K, committed 49920K, reserved 1095680K
  class space    used 6511K, capacity 6990K, committed 7168K, reserved 1048576K

Card table byte_map: [0x00000000119a0000,0x0000000011ba0000] byte_map_base: 0x0000000011395000

Marking Bits: (ParMarkBitMap*) 0x0000000071b73e30
 Begin Bits: [0x00000000120f0000, 0x0000000013098000)
 End Bits:   [0x0000000013098000, 0x0000000014040000)

Polling page: 0x0000000000660000

CodeCache: size=245760Kb used=7385Kb max_used=7385Kb free=238374Kb
 bounds [0x00000000025e0000, 0x0000000002d20000, 0x00000000115e0000]
 total_blobs=4246 nmethods=3729 adapters=429
 compilation: enabled

Compilation events (10 events):
Event: 72.348 Thread 0x0000000014c02800 3775   !   1       java.io.ObjectStreamClass::invokeWriteObject (79 bytes)
Event: 72.349 Thread 0x0000000014c02800 nmethod 3775 0x0000000002d14c50 code [0x0000000002d14e00, 0x0000000002d152e8]
Event: 72.849 Thread 0x0000000014c02800 3776       1       java.io.DataInputStream::readLong (128 bytes)
Event: 72.849 Thread 0x0000000014c02800 nmethod 3776 0x0000000002d156d0 code [0x0000000002d15840, 0x0000000002d15b08]
Event: 73.318 Thread 0x0000000014c02800 3777       1       java.net.InetAddress::holder (5 bytes)
Event: 73.318 Thread 0x0000000014c02800 nmethod 3777 0x0000000002d15c90 code [0x0000000002d15de0, 0x0000000002d15ef0]
Event: 73.352 Thread 0x0000000014c02800 3779       1       java.lang.reflect.InvocationTargetException::getTargetException (5 bytes)
Event: 73.353 Thread 0x0000000014c02800 nmethod 3779 0x0000000002d16310 code [0x0000000002d16460, 0x0000000002d16570]
Event: 73.353 Thread 0x0000000014c02800 3780       1       java.io.ObjectOutputStream::defaultWriteObject (54 bytes)
Event: 73.353 Thread 0x0000000014c02800 nmethod 3780 0x0000000002d165d0 code [0x0000000002d16780, 0x0000000002d16ac8]

GC Heap History (10 events):
Event: 65.520 GC heap before
{Heap before GC invocations=27 (full 8):
 PSYoungGen      total 90112K, used 0K [0x00000000eb200000, 0x00000000f1280000, 0x0000000100000000)
  eden space 81408K, 0% used [0x00000000eb200000,0x00000000eb200000,0x00000000f0180000)
  from space 8704K, 0% used [0x00000000f0180000,0x00000000f0180000,0x00000000f0a00000)
  to   space 5632K, 0% used [0x00000000f0d00000,0x00000000f0d00000,0x00000000f1280000)
 ParOldGen       total 32768K, used 12802K [0x00000000c1600000, 0x00000000c3600000, 0x00000000eb200000)
  object space 32768K, 39% used [0x00000000c1600000,0x00000000c22809a0,0x00000000c3600000)
 Metaspace       used 46555K, capacity 49069K, committed 49536K, reserved 1097728K
  class space    used 6477K, capacity 6937K, committed 7040K, reserved 1048576K
Event: 65.565 GC heap after
Heap after GC invocations=27 (full 8):
 PSYoungGen      total 90112K, used 0K [0x00000000eb200000, 0x00000000f1280000, 0x0000000100000000)
  eden space 81408K, 0% used [0x00000000eb200000,0x00000000eb200000,0x00000000f0180000)
  from space 8704K, 0% used [0x00000000f0180000,0x00000000f0180000,0x00000000f0a00000)
  to   space 5632K, 0% used [0x00000000f0d00000,0x00000000f0d00000,0x00000000f1280000)
 ParOldGen       total 32768K, used 12802K [0x00000000c1600000, 0x00000000c3600000, 0x00000000eb200000)
  object space 32768K, 39% used [0x00000000c1600000,0x00000000c22809a0,0x00000000c3600000)
 Metaspace       used 46555K, capacity 49069K, committed 49536K, reserved 1093632K
  class space    used 6477K, capacity 6937K, committed 7040K, reserved 1048576K
}
Event: 65.566 GC heap before
{Heap before GC invocations=28 (full 8):
 PSYoungGen      total 90112K, used 0K [0x00000000eb200000, 0x00000000f1280000, 0x0000000100000000)
  eden space 81408K, 0% used [0x00000000eb200000,0x00000000eb200000,0x00000000f0180000)
  from space 8704K, 0% used [0x00000000f0180000,0x00000000f0180000,0x00000000f0a00000)
  to   space 5632K, 0% used [0x00000000f0d00000,0x00000000f0d00000,0x00000000f1280000)
 ParOldGen       total 32768K, used 12802K [0x00000000c1600000, 0x00000000c3600000, 0x00000000eb200000)
  object space 32768K, 39% used [0x00000000c1600000,0x00000000c22809a0,0x00000000c3600000)
 Metaspace       used 46555K, capacity 49069K, committed 49536K, reserved 1099776K
  class space    used 6477K, capacity 6937K, committed 7040K, reserved 1048576K
Event: 65.568 GC heap after
Heap after GC invocations=28 (full 8):
 PSYoungGen      total 87040K, used 0K [0x00000000eb200000, 0x00000000f1280000, 0x0000000100000000)
  eden space 81408K, 0% used [0x00000000eb200000,0x00000000eb200000,0x00000000f0180000)
  from space 5632K, 0% used [0x00000000f0d00000,0x00000000f0d00000,0x00000000f1280000)
  to   space 8704K, 0% used [0x00000000f0180000,0x00000000f0180000,0x00000000f0a00000)
 ParOldGen       total 32768K, used 12802K [0x00000000c1600000, 0x00000000c3600000, 0x00000000eb200000)
  object space 32768K, 39% used [0x00000000c1600000,0x00000000c22809a0,0x00000000c3600000)
 Metaspace       used 46555K, capacity 49069K, committed 49536K, reserved 1099776K
  class space    used 6477K, capacity 6937K, committed 7040K, reserved 1048576K
}
Event: 65.568 GC heap before
{Heap before GC invocations=29 (full 9):
 PSYoungGen      total 87040K, used 0K [0x00000000eb200000, 0x00000000f1280000, 0x0000000100000000)
  eden space 81408K, 0% used [0x00000000eb200000,0x00000000eb200000,0x00000000f0180000)
  from space 5632K, 0% used [0x00000000f0d00000,0x00000000f0d00000,0x00000000f1280000)
  to   space 8704K, 0% used [0x00000000f0180000,0x00000000f0180000,0x00000000f0a00000)
 ParOldGen       total 32768K, used 12802K [0x00000000c1600000, 0x00000000c3600000, 0x00000000eb200000)
  object space 32768K, 39% used [0x00000000c1600000,0x00000000c22809a0,0x00000000c3600000)
 Metaspace       used 46555K, capacity 49069K, committed 49536K, reserved 1099776K
  class space    used 6477K, capacity 6937K, committed 7040K, reserved 1048576K
Event: 65.635 GC heap after
Heap after GC invocations=29 (full 9):
 PSYoungGen      total 87040K, used 0K [0x00000000eb200000, 0x00000000f1280000, 0x0000000100000000)
  eden space 81408K, 0% used [0x00000000eb200000,0x00000000eb200000,0x00000000f0180000)
  from space 5632K, 0% used [0x00000000f0d00000,0x00000000f0d00000,0x00000000f1280000)
  to   space 8704K, 0% used [0x00000000f0180000,0x00000000f0180000,0x00000000f0a00000)
 ParOldGen       total 32768K, used 12801K [0x00000000c1600000, 0x00000000c3600000, 0x00000000eb200000)
  object space 32768K, 39% used [0x00000000c1600000,0x00000000c2280798,0x00000000c3600000)
 Metaspace       used 46555K, capacity 49069K, committed 49536K, reserved 1093632K
  class space    used 6477K, capacity 6937K, committed 7040K, reserved 1048576K
}
Event: 65.635 GC heap before
{Heap before GC invocations=30 (full 9):
 PSYoungGen      total 87040K, used 0K [0x00000000eb200000, 0x00000000f1280000, 0x0000000100000000)
  eden space 81408K, 0% used [0x00000000eb200000,0x00000000eb200000,0x00000000f0180000)
  from space 5632K, 0% used [0x00000000f0d00000,0x00000000f0d00000,0x00000000f1280000)
  to   space 8704K, 0% used [0x00000000f0180000,0x00000000f0180000,0x00000000f0a00000)
 ParOldGen       total 32768K, used 12801K [0x00000000c1600000, 0x00000000c3600000, 0x00000000eb200000)
  object space 32768K, 39% used [0x00000000c1600000,0x00000000c2280798,0x00000000c3600000)
 Metaspace       used 46555K, capacity 49069K, committed 49536K, reserved 1097728K
  class space    used 6477K, capacity 6937K, committed 7040K, reserved 1048576K
Event: 65.636 GC heap after
Heap after GC invocations=30 (full 9):
 PSYoungGen      total 90112K, used 0K [0x00000000eb200000, 0x00000000f1280000, 0x0000000100000000)
  eden space 81408K, 0% used [0x00000000eb200000,0x00000000eb200000,0x00000000f0180000)
  from space 8704K, 0% used [0x00000000f0180000,0x00000000f0180000,0x00000000f0a00000)
  to   space 5632K, 0% used [0x00000000f0d00000,0x00000000f0d00000,0x00000000f1280000)
 ParOldGen       total 32768K, used 12801K [0x00000000c1600000, 0x00000000c3600000, 0x00000000eb200000)
  object space 32768K, 39% used [0x00000000c1600000,0x00000000c2280798,0x00000000c3600000)
 Metaspace       used 46555K, capacity 49069K, committed 49536K, reserved 1097728K
  class space    used 6477K, capacity 6937K, committed 7040K, reserved 1048576K
}
Event: 65.636 GC heap before
{Heap before GC invocations=31 (full 10):
 PSYoungGen      total 90112K, used 0K [0x00000000eb200000, 0x00000000f1280000, 0x0000000100000000)
  eden space 81408K, 0% used [0x00000000eb200000,0x00000000eb200000,0x00000000f0180000)
  from space 8704K, 0% used [0x00000000f0180000,0x00000000f0180000,0x00000000f0a00000)
  to   space 5632K, 0% used [0x00000000f0d00000,0x00000000f0d00000,0x00000000f1280000)
 ParOldGen       total 32768K, used 12801K [0x00000000c1600000, 0x00000000c3600000, 0x00000000eb200000)
  object space 32768K, 39% used [0x00000000c1600000,0x00000000c2280798,0x00000000c3600000)
 Metaspace       used 46555K, capacity 49069K, committed 49536K, reserved 1097728K
  class space    used 6477K, capacity 6937K, committed 7040K, reserved 1048576K
Event: 65.675 GC heap after
Heap after GC invocations=31 (full 10):
 PSYoungGen      total 90112K, used 0K [0x00000000eb200000, 0x00000000f1280000, 0x0000000100000000)
  eden space 81408K, 0% used [0x00000000eb200000,0x00000000eb200000,0x00000000f0180000)
  from space 8704K, 0% used [0x00000000f0180000,0x00000000f0180000,0x00000000f0a00000)
  to   space 5632K, 0% used [0x00000000f0d00000,0x00000000f0d00000,0x00000000f1280000)
 ParOldGen       total 32768K, used 12801K [0x00000000c1600000, 0x00000000c3600000, 0x00000000eb200000)
  object space 32768K, 39% used [0x00000000c1600000,0x00000000c2280798,0x00000000c3600000)
 Metaspace       used 46555K, capacity 49069K, committed 49536K, reserved 1093632K
  class space    used 6477K, capacity 6937K, committed 7040K, reserved 1048576K
}

Deoptimization events (0 events):
No events

Classes redefined (0 events):
No events

Internal exceptions (10 events):
Event: 66.573 Thread 0x0000000002446800 Exception <a 'java/lang/ArrayIndexOutOfBoundsException'> (0x00000000eb363df0) thrown at [C:\re\workspace\8-2-build-windows-amd64-cygwin\jdk8u191\11896\hotspot\src\share\vm\runtime\sharedRuntime.cpp, line 605]
Event: 66.573 Thread 0x0000000002446800 Exception <a 'java/lang/ArrayIndexOutOfBoundsException'> (0x00000000eb3657d0) thrown at [C:\re\workspace\8-2-build-windows-amd64-cygwin\jdk8u191\11896\hotspot\src\share\vm\runtime\sharedRuntime.cpp, line 605]
Event: 66.573 Thread 0x0000000002446800 Exception <a 'java/lang/ArrayIndexOutOfBoundsException'> (0x00000000eb366fd0) thrown at [C:\re\workspace\8-2-build-windows-amd64-cygwin\jdk8u191\11896\hotspot\src\share\vm\runtime\sharedRuntime.cpp, line 605]
Event: 66.573 Thread 0x0000000002446800 Exception <a 'java/lang/ArrayIndexOutOfBoundsException'> (0x00000000eb3687a0) thrown at [C:\re\workspace\8-2-build-windows-amd64-cygwin\jdk8u191\11896\hotspot\src\share\vm\runtime\sharedRuntime.cpp, line 605]
Event: 66.573 Thread 0x0000000002446800 Exception <a 'java/lang/ArrayIndexOutOfBoundsException'> (0x00000000eb36a710) thrown at [C:\re\workspace\8-2-build-windows-amd64-cygwin\jdk8u191\11896\hotspot\src\share\vm\runtime\sharedRuntime.cpp, line 605]
Event: 66.573 Thread 0x0000000002446800 Exception <a 'java/lang/ArrayIndexOutOfBoundsException'> (0x00000000eb36bd88) thrown at [C:\re\workspace\8-2-build-windows-amd64-cygwin\jdk8u191\11896\hotspot\src\share\vm\runtime\sharedRuntime.cpp, line 605]
Event: 66.573 Thread 0x0000000002446800 Exception <a 'java/lang/ArrayIndexOutOfBoundsException'> (0x00000000eb36d980) thrown at [C:\re\workspace\8-2-build-windows-amd64-cygwin\jdk8u191\11896\hotspot\src\share\vm\runtime\sharedRuntime.cpp, line 605]
Event: 66.573 Thread 0x0000000002446800 Exception <a 'java/lang/ArrayIndexOutOfBoundsException'> (0x00000000eb36f298) thrown at [C:\re\workspace\8-2-build-windows-amd64-cygwin\jdk8u191\11896\hotspot\src\share\vm\runtime\sharedRuntime.cpp, line 605]
Event: 66.573 Thread 0x0000000002446800 Exception <a 'java/lang/ArrayIndexOutOfBoundsException'> (0x00000000eb370cc0) thrown at [C:\re\workspace\8-2-build-windows-amd64-cygwin\jdk8u191\11896\hotspot\src\share\vm\runtime\sharedRuntime.cpp, line 605]
Event: 66.573 Thread 0x0000000002446800 Exception <a 'java/lang/ArrayIndexOutOfBoundsException'> (0x00000000eb372570) thrown at [C:\re\workspace\8-2-build-windows-amd64-cygwin\jdk8u191\11896\hotspot\src\share\vm\runtime\sharedRuntime.cpp, line 605]

Events (10 events):
Event: 66.983 loading class ch/qos/logback/classic/spi/ClassPackagingData done
Event: 66.985 loading class org/springframework/boot/SpringBootExceptionHandler
Event: 66.985 loading class org/springframework/boot/SpringBootExceptionHandler done
Event: 66.985 loading class org/springframework/boot/SpringBootExceptionHandler$LoggedExceptionHandlerThreadLocal
Event: 66.985 loading class org/springframework/boot/SpringBootExceptionHandler$LoggedExceptionHandlerThreadLocal done
Event: 67.138 Thread 0x0000000002446800 Thread exited: 0x0000000002446800
Event: 67.138 Thread 0x000000001938c000 Thread added: 0x000000001938c000
Event: 73.318 Thread 0x0000000019388000 Thread added: 0x0000000019388000
Event: 73.319 Executing VM operation: RevokeBias
Event: 73.319 Executing VM operation: RevokeBias done


Dynamic libraries:
0x00007ff7e4a90000 - 0x00007ff7e4ac7000 	C:\Program Files\Java\jdk1.8.0_191\bin\javaw.exe
0x00007ffe48d70000 - 0x00007ffe48f65000 	C:\Windows\SYSTEM32\ntdll.dll
0x00007ffe46e30000 - 0x00007ffe46eee000 	C:\Windows\System32\KERNEL32.DLL
0x00007ffe467f0000 - 0x00007ffe46ab8000 	C:\Windows\System32\KERNELBASE.dll
0x00007ffe47eb0000 - 0x00007ffe47f5e000 	C:\Windows\System32\ADVAPI32.dll
0x00007ffe48860000 - 0x00007ffe488fe000 	C:\Windows\System32\msvcrt.dll
0x00007ffe46ef0000 - 0x00007ffe46f8c000 	C:\Windows\System32\sechost.dll
0x00007ffe48080000 - 0x00007ffe481a5000 	C:\Windows\System32\RPCRT4.dll
0x00007ffe47810000 - 0x00007ffe479b0000 	C:\Windows\System32\USER32.dll
0x00007ffe46da0000 - 0x00007ffe46dc2000 	C:\Windows\System32\win32u.dll
0x00007ffe486a0000 - 0x00007ffe486ca000 	C:\Windows\System32\GDI32.dll
0x00007ffe46bc0000 - 0x00007ffe46ccb000 	C:\Windows\System32\gdi32full.dll
0x00007ffe46d00000 - 0x00007ffe46d9d000 	C:\Windows\System32\msvcp_win.dll
0x00007ffe46ac0000 - 0x00007ffe46bc0000 	C:\Windows\System32\ucrtbase.dll
0x00007ffe21e50000 - 0x00007ffe220ea000 	C:\Windows\WinSxS\amd64_microsoft.windows.common-controls_6595b64144ccf1df_6.0.19041.1110_none_60b5254171f9507e\COMCTL32.dll
0x00007ffe48210000 - 0x00007ffe48240000 	C:\Windows\System32\IMM32.DLL
0x0000000071d80000 - 0x0000000071e52000 	C:\Program Files\Java\jdk1.8.0_191\jre\bin\msvcr100.dll
0x0000000071350000 - 0x0000000071bf4000 	C:\Program Files\Java\jdk1.8.0_191\jre\bin\server\jvm.dll
0x00007ffe482d0000 - 0x00007ffe482d8000 	C:\Windows\System32\PSAPI.DLL
0x00007ffe362c0000 - 0x00007ffe362c9000 	C:\Windows\SYSTEM32\WSOCK32.dll
0x00007ffe48900000 - 0x00007ffe4896b000 	C:\Windows\System32\WS2_32.dll
0x00007ffe28120000 - 0x00007ffe28147000 	C:\Windows\SYSTEM32\WINMM.dll
0x00007ffe3b940000 - 0x00007ffe3b94a000 	C:\Windows\SYSTEM32\VERSION.dll
0x0000000071d70000 - 0x0000000071d7f000 	C:\Program Files\Java\jdk1.8.0_191\jre\bin\verify.dll
0x0000000071d40000 - 0x0000000071d69000 	C:\Program Files\Java\jdk1.8.0_191\jre\bin\java.dll
0x0000000071d20000 - 0x0000000071d36000 	C:\Program Files\Java\jdk1.8.0_191\jre\bin\zip.dll
0x00007ffe46f90000 - 0x00007ffe476d4000 	C:\Windows\System32\SHELL32.dll
0x00007ffe445b0000 - 0x00007ffe44d44000 	C:\Windows\SYSTEM32\windows.storage.dll
0x00007ffe489d0000 - 0x00007ffe48d24000 	C:\Windows\System32\combase.dll
0x00007ffe45f00000 - 0x00007ffe45f2c000 	C:\Windows\SYSTEM32\Wldp.dll
0x00007ffe487b0000 - 0x00007ffe4885d000 	C:\Windows\System32\SHCORE.dll
0x00007ffe48970000 - 0x00007ffe489c5000 	C:\Windows\System32\shlwapi.dll
0x00007ffe463d0000 - 0x00007ffe463ef000 	C:\Windows\SYSTEM32\profapi.dll
0x0000000071d10000 - 0x0000000071d1d000 	C:\Program Files\Java\jdk1.8.0_191\jre\bin\management.dll
0x0000000071cf0000 - 0x0000000071d0a000 	C:\Program Files\Java\jdk1.8.0_191\jre\bin\net.dll
0x00007ffe45c60000 - 0x00007ffe45cca000 	C:\Windows\system32\mswsock.dll
0x0000000071cd0000 - 0x0000000071ce1000 	C:\Program Files\Java\jdk1.8.0_191\jre\bin\nio.dll
0x00007ffe1f430000 - 0x00007ffe1f447000 	C:\Windows\system32\napinsp.dll
0x00007ffe1f410000 - 0x00007ffe1f42b000 	C:\Windows\system32\pnrpnsp.dll
0x00007ffe1f3f0000 - 0x00007ffe1f405000 	C:\Windows\system32\wshbth.dll
0x00007ffe42290000 - 0x00007ffe422ad000 	C:\Windows\system32\NLAapi.dll
0x00007ffe45900000 - 0x00007ffe4593b000 	C:\Windows\SYSTEM32\IPHLPAPI.DLL
0x00007ffe45950000 - 0x00007ffe45a1b000 	C:\Windows\SYSTEM32\DNSAPI.dll
0x00007ffe483b0000 - 0x00007ffe483b8000 	C:\Windows\System32\NSI.dll
0x00007ffe1f3a0000 - 0x00007ffe1f3b2000 	C:\Windows\System32\winrnr.dll
0x00007ffe39170000 - 0x00007ffe3917a000 	C:\Windows\System32\rasadhlp.dll
0x00007ffe3baf0000 - 0x00007ffe3bb6f000 	C:\Windows\System32\fwpuclnt.dll
0x00007ffe46cd0000 - 0x00007ffe46cf7000 	C:\Windows\System32\bcrypt.dll
0x00007ffe45e50000 - 0x00007ffe45e68000 	C:\Windows\SYSTEM32\CRYPTSP.dll
0x00007ffe45570000 - 0x00007ffe455a4000 	C:\Windows\system32\rsaenh.dll
0x00007ffe46350000 - 0x00007ffe4637e000 	C:\Windows\SYSTEM32\USERENV.dll
0x00007ffe466f0000 - 0x00007ffe46772000 	C:\Windows\System32\bcryptprimitives.dll
0x00007ffe45e70000 - 0x00007ffe45e7c000 	C:\Windows\SYSTEM32\CRYPTBASE.dll
0x00007ffe3c670000 - 0x00007ffe3c687000 	C:\Windows\SYSTEM32\dhcpcsvc6.DLL
0x00007ffe3cac0000 - 0x00007ffe3cadd000 	C:\Windows\SYSTEM32\dhcpcsvc.DLL
0x0000000071ca0000 - 0x0000000071cc4000 	C:\Program Files\Java\jdk1.8.0_191\jre\bin\sunec.dll
0x0000000071c90000 - 0x0000000071c9b000 	C:\Program Files\Java\jdk1.8.0_191\jre\bin\sunmscapi.dll
0x00007ffe46490000 - 0x00007ffe465e6000 	C:\Windows\System32\CRYPT32.dll
0x00007ffe36b90000 - 0x00007ffe36d74000 	C:\Windows\SYSTEM32\dbghelp.dll

VM Arguments:
jvm_args: -Dcom.sun.management.jmxremote -Dcom.sun.management.jmxremote.port=54455 -Dcom.sun.management.jmxremote.authenticate=false -Dcom.sun.management.jmxremote.ssl=false -Djava.rmi.server.hostname=localhost -Dspring.jmx.enabled=true -Dspring.application.admin.enabled=true -XX:TieredStopAtLevel=1 -Dspring.boot.project.name=TodoApp -Dfile.encoding=UTF-8 
java_command: com.nmt.TodoApp.TodoAppApplication
java_class_path (initial): D:\Workspace\Java Web Eclipse\TodoApp\target\classes;C:\Users\Administrator\.m2\repository\org\springframework\boot\spring-boot-starter-data-jpa\2.7.3\spring-boot-starter-data-jpa-2.7.3.jar;C:\Users\Administrator\.m2\repository\org\springframework\boot\spring-boot-starter-aop\2.7.3\spring-boot-starter-aop-2.7.3.jar;C:\Users\Administrator\.m2\repository\org\springframework\spring-aop\5.3.22\spring-aop-5.3.22.jar;C:\Users\Administrator\.m2\repository\org\aspectj\aspectjweaver\1.9.7\aspectjweaver-1.9.7.jar;C:\Users\Administrator\.m2\repository\org\springframework\boot\spring-boot-starter-jdbc\2.7.3\spring-boot-starter-jdbc-2.7.3.jar;C:\Users\Administrator\.m2\repository\com\zaxxer\HikariCP\4.0.3\HikariCP-4.0.3.jar;C:\Users\Administrator\.m2\repository\org\springframework\spring-jdbc\5.3.22\spring-jdbc-5.3.22.jar;C:\Users\Administrator\.m2\repository\jakarta\transaction\jakarta.transaction-api\1.3.3\jakarta.transaction-api-1.3.3.jar;C:\Users\Administrator\.m2\repository\jakarta\persistence\jakarta.persistence-api\2.2.3\jakarta.persistence-api-2.2.3.jar;C:\Users\Administrator\.m2\repository\org\hibernate\hibernate-core\5.6.10.Final\hibernate-core-5.6.10.Final.jar;C:\Users\Administrator\.m2\repository\org\jboss\logging\jboss-logging\3.4.3.Final\jboss-logging-3.4.3.Final.jar;C:\Users\Administrator\.m2\repository\net\bytebuddy\byte-buddy\1.12.13\byte-buddy-1.12.13.jar;C:\Users\Administrator\.m2\repository\antlr\antlr\2.7.7\antlr-2.7.7.jar;C:\Users\Administrator\.m2\repository\org\jboss\jandex\2.4.2.Final\jandex-2.4.2.Final.jar;C:\Users\Administrator\.m2\repository\com\fasterxml\classmate\1.5.1\classmate-1.5.1.jar;C:\Users\Administrator\.m2\repository\org\hibernate\common\hibernate-commons-annotations\5.1.2.Final\hibernate-commons-annotations-5.1.2.Final.jar;C:\Users\Administrator\.m2\repository\org\glassfish\jaxb\jaxb-runtime\2.3.6\jaxb-runtime-2.3.6.jar;C:\Users\Administrator\.m2\repository\org\glassfish\jaxb\txw2\2.3.6\txw2-2.3.6.jar;C:\Users\
Launcher Type: SUN_STANDARD

Environment Variables:
JAVA_HOME=C:\Program Files\Java\jdk1.8.0_191
PATH=C:/Users/Administrator/.p2/pool/plugins/org.eclipse.justj.openjdk.hotspot.jre.full.win32.x86_64_18.0.1.v20220515-1614/jre/bin/server;C:/Users/Administrator/.p2/pool/plugins/org.eclipse.justj.openjdk.hotspot.jre.full.win32.x86_64_18.0.1.v20220515-1614/jre/bin;C:\Program Files (x86)\Common Files\Oracle\Java\javapath;C:\Program Files\Common Files\Oracle\Java\javapath;C:\Windows\system32;C:\Windows;C:\Windows\System32\Wbem;C:\Windows\System32\WindowsPowerShell\v1.0\;C:\Windows\System32\OpenSSH\;C:\Program Files\Microsoft SQL Server\Client SDK\ODBC\170\Tools\Binn\;C:\Program Files (x86)\Microsoft SQL Server\150\Tools\Binn\;C:\Program Files\Microsoft SQL Server\150\Tools\Binn\;C:\Program Files\Microsoft SQL Server\150\DTS\Binn\;C:\Program Files (x86)\Microsoft SQL Server\150\DTS\Binn\;C:\Program Files\Azure Data Studio\bin;C:\Program Files\Java\jdk-17.0.3.1\bin;C:\Program Files\dotnet\;C:\Program Files\Git\cmd;C:\apache-maven-3.8.6\bin;C:\Program Files\MySQL\MySQL Shell 8.0\bin\;C:\Users\Administrator\AppData\Local\Microsoft\WindowsApps;;C:\Program Files\Azure Data Studio\bin;C:\Program Files\Azure Data Studio\bin;D:\Program Files\Visual Studio Code\Microsoft VS Code\bin;C:\Program Files\Azure Data Studio\bin;C:\Users\Administrator\.dotnet\tools;C:\Users\Administrator\Desktop;
USERNAME=Administrator
OS=Windows_NT
PROCESSOR_IDENTIFIER=Intel64 Family 6 Model 42 Stepping 7, GenuineIntel



---------------  S Y S T E M  ---------------

OS: Windows 10.0 , 64 bit Build 19041 (10.0.19041.1645)

CPU:total 4 (initial active 4) (2 cores per cpu, 2 threads per core) family 6 model 42 stepping 7, cmov, cx8, fxsr, mmx, sse, sse2, sse3, ssse3, sse4.1, sse4.2, popcnt, avx, aes, clmul, ht, tsc, tscinvbit

Memory: 4k page, physical 4102508k(242476k free), swap 8296812k(0k free)

vm_info: Java HotSpot(TM) 64-Bit Server VM (25.191-b12) for windows-amd64 JRE (1.8.0_191-b12), built on Oct  6 2018 09:29:03 by "java_re" with MS VC++ 10.0 (VS2010)

time: Thu Sep 22 00:04:21 2022
elapsed time: 75 seconds (0d 0h 1m 15s)

